<?xml version="1.0" encoding="UTF-8"?>
<testsuite name="inc.awspring.web.dto.HelloResponseDtoTest" tests="1" skipped="0" failures="0" errors="0" timestamp="2021-03-03T08:31:21" hostname="YeongJins-MacBook-Pro.local" time="0.081">
  <properties/>
  <testcase name="롬복_기능_테스트" classname="inc.awspring.web.dto.HelloResponseDtoTest" time="0.081"/>
  <system-out><![CDATA[]]></system-out>
  <system-err><![CDATA[]]></system-err>
</testsuite>
